<?xml version="1.0" encoding="UTF-8"?>
<testsuite xmlns:xsi="http://www.w3.org/2001/XMLSchema-instance" xsi:noNamespaceSchemaLocation="https://maven.apache.org/surefire/maven-surefire-plugin/xsd/surefire-test-report.xsd" name="TestSuite" time="491.626" tests="8" errors="0" skipped="0" failures="1">
  <properties>
[...]
</properties>
  <testcase name="completeFormTest" classname="com.globant.testing.exercise1.tests.buyTicketsBasicFlowTest" time="26.984"/>
  <testcase name="completeFormTest" classname="com.globant.testing.exercise1.tests.buyTicketsBasicFlowTest" time="17.746"/>
  <testcase name="selectFlightsTest" classname="com.globant.testing.exercise1.tests.buyTicketsBasicFlowTest" time="65.352">
    <failure message="Expected condition failed: waiting for element ([[FirefoxDriver: firefox on WINDOWS (aa5ce36a-3b45-444f-bca6-6853b9e9999f)] -&gt; css selector: div[class=&quot;grid-container standard-padding &quot;]]) to become stale (tried for 50 second(s) with 500 milliseconds interval)&#10;Build info: version: &apos;3.141.59&apos;, revision: &apos;e82be7d358&apos;, time: &apos;2018-11-14T08:17:03&apos;&#10;System info: host: &apos;CO-IT002705&apos;, ip: &apos;10.130.18.2&apos;, os.name: &apos;Windows 10&apos;, os.arch: &apos;amd64&apos;, os.version: &apos;10.0&apos;, java.version: &apos;1.8.0_221&apos;&#10;Driver info: org.openqa.selenium.firefox.FirefoxDriver&#10;Capabilities {acceptInsecureCerts: true, browserName: firefox, browserVersion: 69.0, javascriptEnabled: true, moz:accessibilityChecks: false, moz:buildID: 20190827005903, moz:geckodriverVersion: 0.25.0, moz:headless: false, moz:processID: 11972, moz:profile: C:\Users\andrea.bertieri\Ap..., moz:shutdownTimeout: 60000, moz:useNonSpecCompliantPointerOrigin: false, moz:webdriverClick: true, pageLoadStrategy: normal, platform: WINDOWS, platformName: WINDOWS, platformVersion: 10.0, rotatable: false, setWindowRect: true, strictFileInteractability: false, timeouts: {implicit: 0, pageLoad: 300000, script: 30000}, unhandledPromptBehavior: dismiss and notify}&#10;Session ID: aa5ce36a-3b45-444f-bca6-6853b9e9999f" type="org.openqa.selenium.TimeoutException">org.openqa.selenium.TimeoutException: 
Expected condition failed: waiting for element ([[FirefoxDriver: firefox on WINDOWS (aa5ce36a-3b45-444f-bca6-6853b9e9999f)] -> css selector: div[class="grid-container standard-padding "]]) to become stale (tried for 50 second(s) with 500 milliseconds interval)
Build info: version: '3.141.59', revision: 'e82be7d358', time: '2018-11-14T08:17:03'
System info: host: 'CO-IT002705', ip: '10.130.18.2', os.name: 'Windows 10', os.arch: 'amd64', os.version: '10.0', java.version: '1.8.0_221'
Driver info: org.openqa.selenium.firefox.FirefoxDriver
Capabilities {acceptInsecureCerts: true, browserName: firefox, browserVersion: 69.0, javascriptEnabled: true, moz:accessibilityChecks: false, moz:buildID: 20190827005903, moz:geckodriverVersion: 0.25.0, moz:headless: false, moz:processID: 11972, moz:profile: C:\Users\andrea.bertieri\Ap..., moz:shutdownTimeout: 60000, moz:useNonSpecCompliantPointerOrigin: false, moz:webdriverClick: true, pageLoadStrategy: normal, platform: WINDOWS, platformName: WINDOWS, platformVersion: 10.0, rotatable: false, setWindowRect: true, strictFileInteractability: false, timeouts: {implicit: 0, pageLoad: 300000, script: 30000}, unhandledPromptBehavior: dismiss and notify}
Session ID: aa5ce36a-3b45-444f-bca6-6853b9e9999f
	at com.globant.testing.exercise1.tests.buyTicketsBasicFlowTest.selectFlightsTest(buyTicketsBasicFlowTest.java:59)
</failure>
    <system-out><![CDATA[[main] 06:53:55,976 INFO  [FirefoxTest] Close Driver
[main] 06:54:14,308 INFO  [FirefoxTest] Changing to Flight Window
[main] 06:54:14,974 INFO  [FirefoxTest] Executing Fligths Searcher Form with Flying from: [LAS], Flying to: [LAX], Departing date: [2020-01-03], Returning date: [2020-05-03], 	How many adults?: [1]
[main] 06:54:17,742 INFO  [FirefoxTest] Searching Date
[main] 06:54:19,954 INFO  [FirefoxTest] Searching Date
[main] 06:54:28,739 INFO  [FirefoxTest] Sorting Flights
[main] 06:54:29,100 INFO  [FirefoxTest] Choosing first flight
]]></system-out>
    <system-err><![CDATA[1568807635980	Marionette	INFO	Stopped listening on port 64144
[Parent 14160, Gecko_IOThread] WARNING: pipe error: 109: file z:/task_1566864336/build/src/ipc/chromium/src/chrome/common/ipc_channel_win.cc, line 341
[Child 19760, Chrome_ChildThread] WARNING: pipe error: 109: file z:/task_1566864336/build/src/ipc/chromium/src/chrome/common/ipc_channel_win.cc, line 341
[Child 19760, Chrome_ChildThrea[Parent 14160, Gecko_IOThread] WARNING: pipe error: 109: file z:/task_1566864336/build/src/ipc/chromium/src/chrome/common/ipc_channel_win.cc, line 341
[Child 18644, Chrome_ChildThread] WARNING: pipe error: 109: file z:/task_1566864336/build/src/ipc/chromium/src/chrome/common/ipc_channel_win.cc, line 341
[Child 18644, Chrome_ChildThread] WARNING: pipe error: 109: file z:/task_1566864336/build/src/ipc/chromium/src/chrome/common/ipc_channel_win.cc, line 341
[Parent 14160, Gecko_IOThread] WARNING: pipe error: 109: file z:/task_1566864336/build/src/ipc/chromium/src/chrome/common/ipc_channel_win.cc, line 341
[Child 7108, Chrome_ChildThread] WARNING: pipe error: 109: file z:/task_1566864336/build/src/ipc/chromium/src/chrome/common/ipc_channel_win.cc, line 341
[Child 7108, Chrome_ChildThrea[GPU 14116, Chrom
###!!! [Child][RunMessage] Error: Channel closing: too late to send/recv, messages will be lost

e_ChildThread] WARNING: pipe error: 109: file z:/tas
###!!! [Child][MessageChannel::SendAndWait] Error: Channel error: cannot send/recv

1568807640654	mozrunner::runner	INFO	Running command: "C:\\Program Files\\Mozilla Firefox\\firefox.exe" "-marionette" "-foreground" "-no-remote" "-profile" "C:\\Users\\ANDREA~1.BER\\AppData\\Local\\Temp\\rust_mozprofilehhGogc"
1568807641683	addons.webextension.screenshots@mozilla.org	WARN	Loading extension 'screenshots@mozilla.org': Reading manifest: Invalid extension permission: mozillaAddons
1568807641684	addons.webextension.screenshots@mozilla.org	WARN	Loading extension 'screenshots@mozilla.org': Reading manifest: Invalid extension permission: telemetry
1568807641684	addons.webextension.screenshots@mozilla.org	WARN	Loading extension 'screenshots@mozilla.org': Reading manifest: Invalid extension permission: resource://pdf.js/
1568807641684	addons.webextension.screenshots@mozilla.org	WARN	Loading extension 'screenshots@mozilla.org': Reading manifest: Invalid extension permission: about:reader*
JavaScript error: resource://gre/modules/XULStore.jsm, line 66: Error: Can't find profile directory.
1568807644387	Marionette	INFO	Listening on port 64578
1568807644816	Marionette	WARN	TLS certificate errors will be ignored for this session
sep 18, 2019 6:54:04 AM org.openqa.selenium.remote.ProtocolHandshake createSession
INFO: Detected dialect: W3C
JavaScript error: https://cdn-view.c3tag.com/v.js?cid=438&c3=N410601.218EXPEDIA-249551141&creative=110195350&placement=249551141&advertiser=5980224&adid=445988246&size=300x250&campaign=22094400, line 10: TypeError: Argument 1 of IntersectionObserver.observe is not an object.
1568807655678	Marionette	WARN	TimedPromise timed out after 500 ms: stacktrace:
bail@chrome://marionette/content/sync.js:237:64
1568807656655	Marionette	WARN	TimedPromise timed out after 500 ms: stacktrace:
bail@chrome://marionette/content/sync.js:237:64
1568807657533	Marionette	WARN	TimedPromise timed out after 500 ms: stacktrace:
bail@chrome://marionette/content/sync.js:237:64
1568807659751	Marionette	WARN	TimedPromise timed out after 500 ms: stacktrace:
bail@chrome://marionette/content/sync.js:237:64
1568807662498	Marionette	WARN	TimedPromise timed out after 500 ms: stacktrace:
bail@chrome://marionette/content/sync.js:237:64
c@https://a.cdn.intentmedia.net/a2/javascripts/intent_media_travelocityonexp_legacy.js:1:39873
open@https://a.cdn.intentmedia.net/a2/javascripts/intent_media_travelocityonexp_legacy.js:1:40395
open/<@https://a.cdn.intentmedia.net/a2/javascripts/intent_media_travelocityonexp_legacy.js:1:151470
open@https://a.cdn.intentmedia.net/a2/javascripts/intent_media_travelocityonexp_legacy.js:1:151493
value@https://a.cdn.intentmedia.net/a2/javascripts/intent_media_travelocityonexp_legacy.js:1:476079
open_exit_unit_window@https://a.cdn.intentmedia.net/a2/javascripts/intent_media_travelocityonexp_legacy.js:1:226800
open_exit_unit@https://a.cdn.intentmedia.net/a2/javascripts/intent_media_travelocityonexp_legacy.js:1:228697
z@https://a.cdn.intentmedia.net/a2/javascripts/intent_media_travelocityonexp_legacy.js:1:90023
r/<@https://a.cdn.intentmedia.net/javascripts/intent_media_travelocityonexp.js:1:66782
u/<@https://a.cdn.intentmedia.net/javascripts/intent_media_travelocityonexp.js:1:40583
5672/t.exports@https://a.cdn.intentmedia.net/javascripts/intent_media_travelocityonexp.js:1:32126
u@https://a.cdn.intentmedia.net/javascripts/intent_media_travelocityonexp.js:1:40537
d@https://a.cdn.intentmedia.net/javascripts/intent_media_travelocityonexp.js:1:41176
openExitUnit@https://a.travel-assets.com/bundles/storefront-flex-web/script/intent-media-ee1137b231b2297297dd566cf8f891e8-min.js:2:1068
@https://a.travel-assets.com/bundles/storefront-flex-web/script/intent-media-ee1137b231b2297297dd566cf8f891e8-min.js:3:5948
dispatch@https://c.travel-assets.com/uitoolkit/2-222/23fcf7571dc86da3ece88323cd4b804168db79aa/core/js/uitk-jquery-jstemplate-bundle-min.js:2:18894
add/g.handle@https://c.travel-assets.com/uitoolkit/2-222/23fcf7571dc86da3ece88323cd4b804168db79aa/core/js/uitk-jquery-jstemplate-bundle-min.js:2:16913
event.synthesizeMouseAtPoint@chrome://marionette/content/event.js:213:14
webdriverClickElement@chrome://marionette/content/interaction.js:192:11
JavaScript error: https://a.travel-assets.com/bundles/expweb/flight-search-scripts/flights-scripts-421686108fe2e89ed068ac7bd96df341-min.js, line 213: TypeError: this.uitkBrowserStorage is null
JavaScript error: resource:///modules/UrlbarInput.jsm, line 235: TypeError: this._inputFieldEvents is undefined
JavaScript error: resource:///modules/UrlbarInput.jsm, line 235: TypeError: this._inputFieldEvents is undefined
JavaScript error: resource://gre/actors/BrowserElementParent.jsm, line 81: TypeError: browser is null
JavaScript error: , line 0: NS_ERROR_UNEXPECTED: 
]]></system-err>
  </testcase>
  <testcase name="selectFlightsTest" classname="com.globant.testing.exercise1.tests.buyTicketsBasicFlowTest" time="65.946"/>
  <testcase name="sortingFlightsResultTest" classname="com.globant.testing.exercise1.tests.buyTicketsBasicFlowTest" time="24.812"/>
  <testcase name="sortingFlightsResultTest" classname="com.globant.testing.exercise1.tests.buyTicketsBasicFlowTest" time="15.431"/>
  <testcase name="whoIsTravelingTest" classname="com.globant.testing.exercise1.tests.buyTicketsBasicFlowTest" time="80.924"/>
  <testcase name="whoIsTravelingTest" classname="com.globant.testing.exercise1.tests.buyTicketsBasicFlowTest" time="74.454"/>
</testsuite>