<?xml version="1.0" encoding="UTF-8"?>
<!-- Generated by org.testng.reporters.JUnitXMLReporter -->
<testsuite hostname="CO-IT002705" ignored="0" name="ChromeTest" tests="4" failures="0" timestamp="18 sep 2019 12:01:24 GMT" time="229.052" errors="0">
  <testcase name="completeFormTest" time="17.745" classname="com.globant.testing.exercise1.tests.buyTicketsBasicFlowTest"/>
  <testcase name="selectFlightsTest" time="65.947" classname="com.globant.testing.exercise1.tests.buyTicketsBasicFlowTest"/>
  <testcase name="sortingFlightsResultTest" time="15.431" classname="com.globant.testing.exercise1.tests.buyTicketsBasicFlowTest"/>
  <testcase name="whoIsTravelingTest" time="74.455" classname="com.globant.testing.exercise1.tests.buyTicketsBasicFlowTest"/>
</testsuite> <!-- ChromeTest -->
