<?xml version="1.0" encoding="UTF-8"?>
<!-- Generated by org.testng.reporters.JUnitXMLReporter -->
<testsuite hostname="CO-IT002705" ignored="0" name="FirefoxTest" tests="4" failures="1" timestamp="18 sep 2019 11:57:35 GMT" time="261.564" errors="0">
  <testcase name="completeFormTest" time="26.983" classname="com.globant.testing.exercise1.tests.buyTicketsBasicFlowTest"/>
  <testcase name="selectFlightsTest" time="65.334" classname="com.globant.testing.exercise1.tests.buyTicketsBasicFlowTest">
    <failure type="org.openqa.selenium.TimeoutException" message="Expected condition failed: waiting for element ([[FirefoxDriver: firefox on WINDOWS (aa5ce36a-3b45-444f-bca6-6853b9e9999f)] -&amp;gt; css selector: div[class=&amp;quot;grid-container standard-padding &amp;quot;]]) to become stale (tried for 50 second(s) with 500 milliseconds interval)
Build info: version: &amp;apos;3.141.59&amp;apos;, revision: &amp;apos;e82be7d358&amp;apos;, time: &amp;apos;2018-11-14T08:17:03&amp;apos;
System info: host: &amp;apos;CO-IT002705&amp;apos;, ip: &amp;apos;10.130.18.2&amp;apos;, os.name: &amp;apos;Windows 10&amp;apos;, os.arch: &amp;apos;amd64&amp;apos;, os.version: &amp;apos;10.0&amp;apos;, java.version: &amp;apos;1.8.0_221&amp;apos;
Driver info: org.openqa.selenium.firefox.FirefoxDriver
Capabilities {acceptInsecureCerts: true, browserName: firefox, browserVersion: 69.0, javascriptEnabled: true, moz:accessibilityChecks: false, moz:buildID: 20190827005903, moz:geckodriverVersion: 0.25.0, moz:headless: false, moz:processID: 11972, moz:profile: C:\Users\andrea.bertieri\Ap..., moz:shutdownTimeout: 60000, moz:useNonSpecCompliantPointerOrigin: false, moz:webdriverClick: true, pageLoadStrategy: normal, platform: WINDOWS, platformName: WINDOWS, platformVersion: 10.0, rotatable: false, setWindowRect: true, strictFileInteractability: false, timeouts: {implicit: 0, pageLoad: 300000, script: 30000}, unhandledPromptBehavior: dismiss and notify}
Session ID: aa5ce36a-3b45-444f-bca6-6853b9e9999f">
      <![CDATA[org.openqa.selenium.TimeoutException: Expected condition failed: waiting for element ([[FirefoxDriver: firefox on WINDOWS (aa5ce36a-3b45-444f-bca6-6853b9e9999f)] -> css selector: div[class="grid-container standard-padding "]]) to become stale (tried for 50 second(s) with 500 milliseconds interval)
Build info: version: '3.141.59', revision: 'e82be7d358', time: '2018-11-14T08:17:03'
System info: host: 'CO-IT002705', ip: '10.130.18.2', os.name: 'Windows 10', os.arch: 'amd64', os.version: '10.0', java.version: '1.8.0_221'
Driver info: org.openqa.selenium.firefox.FirefoxDriver
Capabilities {acceptInsecureCerts: true, browserName: firefox, browserVersion: 69.0, javascriptEnabled: true, moz:accessibilityChecks: false, moz:buildID: 20190827005903, moz:geckodriverVersion: 0.25.0, moz:headless: false, moz:processID: 11972, moz:profile: C:\Users\andrea.bertieri\Ap..., moz:shutdownTimeout: 60000, moz:useNonSpecCompliantPointerOrigin: false, moz:webdriverClick: true, pageLoadStrategy: normal, platform: WINDOWS, platformName: WINDOWS, platformVersion: 10.0, rotatable: false, setWindowRect: true, strictFileInteractability: false, timeouts: {implicit: 0, pageLoad: 300000, script: 30000}, unhandledPromptBehavior: dismiss and notify}
Session ID: aa5ce36a-3b45-444f-bca6-6853b9e9999f
at org.openqa.selenium.support.ui.WebDriverWait.timeoutException(WebDriverWait.java:95)
at org.openqa.selenium.support.ui.FluentWait.until(FluentWait.java:272)
at com.globant.testing.exercise1.pages.ResultFlightsPage.selectDepartureFlight(ResultFlightsPage.java:199)
at com.globant.testing.exercise1.tests.buyTicketsBasicFlowTest.selectFlightsTest(buyTicketsBasicFlowTest.java:59)
... Removed 29 stack frames]]>
    </failure>
  </testcase> <!-- selectFlightsTest -->
  <testcase name="sortingFlightsResultTest" time="24.813" classname="com.globant.testing.exercise1.tests.buyTicketsBasicFlowTest"/>
  <testcase name="whoIsTravelingTest" time="80.925" classname="com.globant.testing.exercise1.tests.buyTicketsBasicFlowTest"/>
</testsuite> <!-- FirefoxTest -->
