<?xml version="1.0" encoding="UTF-8"?>
<testng-results skipped="0" failed="1" ignored="0" total="2" passed="1">
  <reporter-output>
  </reporter-output>
  <suite name="My test Suite" duration-ms="128737" started-at="2019-09-19T18:44:46Z" finished-at="2019-09-19T18:46:55Z">
    <groups>
    </groups>
    <test name="FirefoxTest" duration-ms="94453" started-at="2019-09-19T18:44:46Z" finished-at="2019-09-19T18:46:20Z">
      <class name="com.globant.testing.exercise1.tests.buyTicketsBasicFlowTest">
        <test-method status="PASS" signature="beforeSuite(java.lang.String, org.testng.ITestContext)[pri:0, instance:com.globant.testing.exercise1.tests.buyTicketsBasicFlowTest@57baeedf]" name="beforeSuite" is-config="true" duration-ms="16631" started-at="2019-09-19T18:44:46Z" finished-at="2019-09-19T18:45:02Z">
          <params>
            <param index="0">
              <value>
                <![CDATA[Firefox]]>
              </value>
            </param>
            <param index="1">
              <value>
                <![CDATA[org.testng.TestRunner@7c281eb8]]>
              </value>
            </param>
          </params>
          <reporter-output>
          </reporter-output>
        </test-method> <!-- beforeSuite -->
        <test-method status="PASS" signature="completeFormWithEmptyFieldsWhoIsTravelingTest(java.util.List, java.util.Map, int, int)[pri:0, instance:com.globant.testing.exercise1.tests.buyTicketsBasicFlowTest@57baeedf]" name="completeFormWithEmptyFieldsWhoIsTravelingTest" duration-ms="75113" started-at="2019-09-19T18:45:02Z" data-provider="choseFlightsData" finished-at="2019-09-19T18:46:18Z">
          <params>
            <param index="0">
              <value>
                <![CDATA[[Price (Lowest), Price (Highest), Duration (Shortest), Duration (Longest), Departure (Earliest), Departure (Latest), Arrival (Earliest), Arrival (Latest)]]]>
              </value>
            </param>
            <param index="1">
              <value>
                <![CDATA[{adults=1, arriveDate=2020-05-03, from=LAS, to=LAX, departureDate=2020-01-03}]]>
              </value>
            </param>
            <param index="2">
              <value>
                <![CDATA[1]]>
              </value>
            </param>
            <param index="3">
              <value>
                <![CDATA[3]]>
              </value>
            </param>
          </params>
          <reporter-output>
          </reporter-output>
        </test-method> <!-- completeFormWithEmptyFieldsWhoIsTravelingTest -->
        <test-method status="PASS" signature="afterSuite()[pri:0, instance:com.globant.testing.exercise1.tests.buyTicketsBasicFlowTest@57baeedf]" name="afterSuite" is-config="true" duration-ms="2681" started-at="2019-09-19T18:46:18Z" finished-at="2019-09-19T18:46:20Z">
          <reporter-output>
          </reporter-output>
        </test-method> <!-- afterSuite -->
      </class> <!-- com.globant.testing.exercise1.tests.buyTicketsBasicFlowTest -->
    </test> <!-- FirefoxTest -->
    <test name="ChromeTest" duration-ms="34244" started-at="2019-09-19T18:46:20Z" finished-at="2019-09-19T18:46:55Z">
      <class name="com.globant.testing.exercise1.tests.buyTicketsBasicFlowTest">
        <test-method status="PASS" signature="beforeSuite(java.lang.String, org.testng.ITestContext)[pri:0, instance:com.globant.testing.exercise1.tests.buyTicketsBasicFlowTest@e45f292]" name="beforeSuite" is-config="true" duration-ms="12617" started-at="2019-09-19T18:46:20Z" finished-at="2019-09-19T18:46:33Z">
          <params>
            <param index="0">
              <value>
                <![CDATA[Chrome]]>
              </value>
            </param>
            <param index="1">
              <value>
                <![CDATA[org.testng.TestRunner@65f40689]]>
              </value>
            </param>
          </params>
          <reporter-output>
          </reporter-output>
        </test-method> <!-- beforeSuite -->
        <test-method status="FAIL" signature="completeFormWithEmptyFieldsWhoIsTravelingTest(java.util.List, java.util.Map, int, int)[pri:0, instance:com.globant.testing.exercise1.tests.buyTicketsBasicFlowTest@e45f292]" name="completeFormWithEmptyFieldsWhoIsTravelingTest" duration-ms="20853" started-at="2019-09-19T18:46:33Z" data-provider="choseFlightsData" finished-at="2019-09-19T18:46:54Z">
          <params>
            <param index="0">
              <value>
                <![CDATA[[Price (Lowest), Price (Highest), Duration (Shortest), Duration (Longest), Departure (Earliest), Departure (Latest), Arrival (Earliest), Arrival (Latest)]]]>
              </value>
            </param>
            <param index="1">
              <value>
                <![CDATA[{adults=1, arriveDate=2020-05-03, from=LAS, to=LAX, departureDate=2020-01-03}]]>
              </value>
            </param>
            <param index="2">
              <value>
                <![CDATA[1]]>
              </value>
            </param>
            <param index="3">
              <value>
                <![CDATA[3]]>
              </value>
            </param>
          </params>
          <exception class="org.openqa.selenium.TimeoutException">
            <message>
              <![CDATA[Expected condition failed: waiting for visibility of element located by By.id: flight-origin-hp-flight (tried for 20 second(s) with 500 milliseconds interval)
Build info: version: '3.141.59', revision: 'e82be7d358', time: '2018-11-14T08:17:03'
System info: host: 'CO-IT002705', ip: '10.130.18.2', os.name: 'Windows 10', os.arch: 'amd64', os.version: '10.0', java.version: '1.8.0_221'
Driver info: org.openqa.selenium.chrome.ChromeDriver
Capabilities {acceptInsecureCerts: false, browserName: chrome, browserVersion: 76.0.3809.132, chrome: {chromedriverVersion: 76.0.3809.68 (420c9498db8ce..., userDataDir: C:\Users\ANDREA~1.BER\AppDa...}, goog:chromeOptions: {debuggerAddress: localhost:59400}, javascriptEnabled: true, networkConnectionEnabled: false, pageLoadStrategy: normal, platform: XP, platformName: XP, proxy: Proxy(), setWindowRect: true, strictFileInteractability: false, timeouts: {implicit: 0, pageLoad: 300000, script: 30000}, unhandledPromptBehavior: dismiss and notify}
Session ID: 5af7cf75266f1600336aeafd8b683945]]>
            </message>
            <full-stacktrace>
              <![CDATA[org.openqa.selenium.TimeoutException: Expected condition failed: waiting for visibility of element located by By.id: flight-origin-hp-flight (tried for 20 second(s) with 500 milliseconds interval)
Build info: version: '3.141.59', revision: 'e82be7d358', time: '2018-11-14T08:17:03'
System info: host: 'CO-IT002705', ip: '10.130.18.2', os.name: 'Windows 10', os.arch: 'amd64', os.version: '10.0', java.version: '1.8.0_221'
Driver info: org.openqa.selenium.chrome.ChromeDriver
Capabilities {acceptInsecureCerts: false, browserName: chrome, browserVersion: 76.0.3809.132, chrome: {chromedriverVersion: 76.0.3809.68 (420c9498db8ce..., userDataDir: C:\Users\ANDREA~1.BER\AppDa...}, goog:chromeOptions: {debuggerAddress: localhost:59400}, javascriptEnabled: true, networkConnectionEnabled: false, pageLoadStrategy: normal, platform: XP, platformName: XP, proxy: Proxy(), setWindowRect: true, strictFileInteractability: false, timeouts: {implicit: 0, pageLoad: 300000, script: 30000}, unhandledPromptBehavior: dismiss and notify}
Session ID: 5af7cf75266f1600336aeafd8b683945
at org.openqa.selenium.support.ui.WebDriverWait.timeoutException(WebDriverWait.java:95)
at org.openqa.selenium.support.ui.FluentWait.until(FluentWait.java:272)
at com.globant.testing.exercise1.pages.BasePage.waitFor(BasePage.java:77)
at com.globant.testing.exercise1.pages.BasePage.waitForVisibilityOf(BasePage.java:84)
at com.globant.testing.exercise1.pages.BasePage.type(BasePage.java:64)
at com.globant.testing.exercise1.pages.FlightsSearcherForm.completeForm(FlightsSearcherForm.java:92)
at com.globant.testing.exercise1.tests.buyTicketsBasicFlowTest.completeFormWithEmptyFieldsWhoIsTravelingTest(buyTicketsBasicFlowTest.java:79)
at sun.reflect.NativeMethodAccessorImpl.invoke0(Native Method)
at sun.reflect.NativeMethodAccessorImpl.invoke(NativeMethodAccessorImpl.java:62)
at sun.reflect.DelegatingMethodAccessorImpl.invoke(DelegatingMethodAccessorImpl.java:43)
at java.lang.reflect.Method.invoke(Method.java:498)
at org.testng.internal.MethodInvocationHelper.invokeMethod(MethodInvocationHelper.java:124)
at org.testng.internal.Invoker.invokeMethod(Invoker.java:583)
at org.testng.internal.Invoker.invokeTestMethod(Invoker.java:719)
at org.testng.internal.Invoker.invokeTestMethods(Invoker.java:989)
at org.testng.internal.TestMethodWorker.invokeTestMethods(TestMethodWorker.java:125)
at org.testng.internal.TestMethodWorker.run(TestMethodWorker.java:109)
at org.testng.TestRunner.privateRun(TestRunner.java:648)
at org.testng.TestRunner.run(TestRunner.java:505)
at org.testng.SuiteRunner.runTest(SuiteRunner.java:455)
at org.testng.SuiteRunner.runSequentially(SuiteRunner.java:450)
at org.testng.SuiteRunner.privateRun(SuiteRunner.java:415)
at org.testng.SuiteRunner.run(SuiteRunner.java:364)
at org.testng.SuiteRunnerWorker.runSuite(SuiteRunnerWorker.java:52)
at org.testng.SuiteRunnerWorker.run(SuiteRunnerWorker.java:84)
at org.testng.TestNG.runSuitesSequentially(TestNG.java:1208)
at org.testng.TestNG.runSuitesLocally(TestNG.java:1137)
at org.testng.TestNG.runSuites(TestNG.java:1049)
at org.testng.TestNG.run(TestNG.java:1017)
at org.testng.remote.AbstractRemoteTestNG.run(AbstractRemoteTestNG.java:115)
at org.testng.remote.RemoteTestNG.initAndRun(RemoteTestNG.java:251)
at org.testng.remote.RemoteTestNG.main(RemoteTestNG.java:77)
]]>
            </full-stacktrace>
          </exception> <!-- org.openqa.selenium.TimeoutException -->
          <reporter-output>
          </reporter-output>
        </test-method> <!-- completeFormWithEmptyFieldsWhoIsTravelingTest -->
        <test-method status="PASS" signature="afterSuite()[pri:0, instance:com.globant.testing.exercise1.tests.buyTicketsBasicFlowTest@e45f292]" name="afterSuite" is-config="true" duration-ms="769" started-at="2019-09-19T18:46:54Z" finished-at="2019-09-19T18:46:55Z">
          <reporter-output>
          </reporter-output>
        </test-method> <!-- afterSuite -->
      </class> <!-- com.globant.testing.exercise1.tests.buyTicketsBasicFlowTest -->
    </test> <!-- ChromeTest -->
  </suite> <!-- My test Suite -->
</testng-results>
